<?xml version="1.0" encoding="UTF-8"?>
<!-- Generated by org.testng.reporters.JUnitXMLReporter -->
<testsuite hostname="LAPTOP-RRO4KGR3" ignored="0" name="testing1" tests="2" failures="0" timestamp="01 May 2020 05:32:24 GMT" time="0.041" errors="0">
  <testcase name="testing" time="0.006" classname="com.selenium.maventesting.AppTest"/>
  <testcase name="testing2" time="0.003" classname="com.selenium.maventesting.AppTest">
    <skipped/>
  </testcase> <!-- testing2 -->
</testsuite> <!-- testing1 -->
