<?xml version="1.0" encoding="UTF-8"?>
<!-- Generated by org.testng.reporters.JUnitXMLReporter -->
<testsuite hostname="LAPTOP-RRO4KGR3" ignored="0" name="Surefire test" tests="3" failures="0" timestamp="01 May 2020 06:29:02 GMT" time="0.032" errors="0">
  <testcase name="testing" time="0.001" classname="com.selenium.maventesting.AppTest"/>
  <testcase name="testing2" time="0.0" classname="com.selenium.maventesting.AppTest">
    <skipped/>
  </testcase> <!-- testing2 -->
  <testcase name="doRegister" time="0.004" classname="com.selenium.maventesting.RegTest"/>
</testsuite> <!-- Surefire test -->
